
[2023-03-08T01:40:25.812] [WARN] default - Failed request GET at /public/styles/styles.css
[2023-03-08T01:40:31.025] [WARN] default - Failed request GET at /public/styles/styles.css
[2023-03-08T01:40:31.888] [WARN] default - Failed request GET at /public/styles/styles.css
[2023-03-08T01:52:25.055] [WARN] default - Failed request GET at /public/styles/styles.css
[2023-03-08T02:18:51.503] [ERROR] default - Error al guardar: ValidationError: name: Path `name` is required., description: Path `description` is required., category: Path `category` is required., code: Path `code` is required., thumbnail: Path `thumbnail` is required., price: Path `price` is required., stock: Path `stock` is required.
[2023-03-08T02:27:08.923] [ERROR] default - Error al guardar: ValidationError: name: Path `name` is required., description: Path `description` is required., category: Path `category` is required., code: Path `code` is required., thumbnail: Path `thumbnail` is required., price: Path `price` is required., stock: Path `stock` is required.
[2023-03-08T02:55:26.234] [WARN] default - Failed request POST at /api/carrito/640818306e7efc043a949329
[2023-04-01T17:29:17.432] [ERROR] default - Error al guardar: ValidationError: products.0.description: Path `description` is required., products.0.name: Path `name` is required.
[2023-04-01T17:30:20.020] [ERROR] default - Error al guardar: ValidationError: products.0.description: Path `description` is required., products.0.name: Path `name` is required.
[2023-04-01T17:47:30.267] [ERROR] default - Error al guardar: ValidationError: products.0.description: Path `description` is required., products.0.name: Path `name` is required.
[2023-04-01T19:55:20.912] [WARN] default - Failed request GET at /favicon.ico
[2023-04-02T13:27:28.174] [WARN] default - Failed request GET at /favicon.ico
[2023-04-02T13:27:58.302] [WARN] default - Failed request GET at /api/carrito
[2023-04-02T13:28:09.044] [WARN] default - Failed request GET at /api/chat
[2023-04-02T13:28:40.323] [WARN] default - Failed request GET at /favicon.ico
[2023-04-02T14:09:34.036] [ERROR] default - Error al listar por ID: CastError: Cast to ObjectId failed for value ":642899f008e2b31e0eaf672d" (type string) at path "_id" for model "productos"
[2023-04-02T14:09:34.108] [WARN] default - Failed request GET at /favicon.ico
[2023-04-02T14:10:31.342] [WARN] default - Failed request GET at /productoshttp://localhost:8080/api/productos/:642899f008e2b31e0eaf672d
[2023-04-02T14:10:31.462] [WARN] default - Failed request GET at /productoshttp://localhost:8080/styles/styles.css
[2023-04-02T14:27:41.182] [ERROR] default - Error al listar por ID: CastError: Cast to ObjectId failed for value ":63882dccfdcbb2d9aafa89c4" (type string) at path "_id" for model "productos"
[2023-04-02T14:28:19.002] [ERROR] default - Error al listar por ID: CastError: Cast to ObjectId failed for value ":"63882dccfdcbb2d9aafa89c4"" (type string) at path "_id" for model "productos"
[2023-04-02T14:29:34.697] [ERROR] default - Error al listar por ID: CastError: Cast to ObjectId failed for value ":63882dccfdcbb2d9aafa89c4" (type string) at path "_id" for model "productos"
[2023-04-02T14:29:45.251] [ERROR] default - Error al listar por ID: CastError: Cast to ObjectId failed for value "id:63882dccfdcbb2d9aafa89c4" (type string) at path "_id" for model "productos"
[2023-04-02T14:31:42.984] [ERROR] default - Error al listar por ID: CastError: Cast to ObjectId failed for value "maderayceramica" (type string) at path "_id" for model "productos"
[2023-04-02T14:32:41.748] [ERROR] default - Error al listar por ID: CastError: Cast to ObjectId failed for value "maderayceramica" (type string) at path "_id" for model "productos"
[2023-04-02T14:32:54.112] [ERROR] default - Error al listar por ID: CastError: Cast to ObjectId failed for value ":maderayceramica" (type string) at path "_id" for model "productos"
[2023-04-02T14:33:01.462] [ERROR] default - Error al listar por ID: CastError: Cast to ObjectId failed for value "maderayceramica" (type string) at path "_id" for model "productos"
[2023-04-02T14:33:29.011] [ERROR] default - Error al listar por ID: CastError: Cast to ObjectId failed for value ""maderayceramica"" (type string) at path "_id" for model "productos"
[2023-04-02T14:49:49.460] [WARN] default - Failed request POST at /api/carrito/4545641654546
[2023-04-02T14:50:28.461] [WARN] default - Failed request GET at /api/user
[2023-04-02T14:50:35.307] [WARN] default - Failed request GET at /user
[2023-04-02T17:21:25.694] [ERROR] default - Error en DAO Carritos al agregar producto: TypeError: Cannot destructure property 'products' of 'cart' as it is null.
